<?xml version="1.0" encoding="UTF-8"?>
<!-- Generated by org.testng.reporters.JUnitReportReporter -->
<testsuite hostname="LTIN426032" failures="0" tests="2" name="P1_Testcases.TC38_P1_Verify_ProfitCenter_EUROPE" time="5.762" errors="1" timestamp="2024-10-10T13:25:01 IST" skipped="1">
  <testcase classname="P1_Testcases.TC38_P1_Verify_ProfitCenter_EUROPE" name="setUp" time="5.762">
    <error message="session not created: This version of ChromeDriver only supports Chrome version 123
Current browser version is 127.0.6533.73 with binary path C:\Program Files\Google\Chrome\Application\chrome.exe
Build info: version: &#039;3.141.59&#039;, revision: &#039;e82be7d358&#039;, time: &#039;2018-11-14T08:17:03&#039;
System info: host: &#039;LTIN426032&#039;, ip: &#039;10.241.169.237&#039;, os.name: &#039;Windows 11&#039;, os.arch: &#039;amd64&#039;, os.version: &#039;10.0&#039;, java.version: &#039;22&#039;
Driver info: driver.version: ChromeDriver
remote stacktrace: 	GetHandleVerifier [0x00007FF789927062+63090]
	(No symbol) [0x00007FF789892CB2]
	(No symbol) [0x00007FF78972EC65]
	(No symbol) [0x00007FF7897654C2]
	(No symbol) [0x00007FF7897648CF]
	(No symbol) [0x00007FF78975E8C5]
	(No symbol) [0x00007FF78975B2F4]
	(No symbol) [0x00007FF7897A0BFB]
	(No symbol) [0x00007FF7897A0830]
	(No symbol) [0x00007FF789796D83]
	(No symbol) [0x00007FF7897683A8]
	(No symbol) [0x00007FF789769441]
	GetHandleVerifier [0x00007FF789D225CD+4238301]
	GetHandleVerifier [0x00007FF789D5F72D+4488509]
	GetHandleVerifier [0x00007FF789D57A0F+4456479]
	GetHandleVerifier [0x00007FF789A005A6+953270]
	(No symbol) [0x00007FF78989E57F]
	(No symbol) [0x00007FF789899254]
	(No symbol) [0x00007FF78989938B]
	(No symbol) [0x00007FF789889BC4]
	BaseThreadInitThunk [0x00007FFEEFEE257D+29]
	RtlUserThreadStart [0x00007FFEF08EAF28+40]
" type="org.openqa.selenium.SessionNotCreatedException">
      <![CDATA[org.openqa.selenium.SessionNotCreatedException: session not created: This version of ChromeDriver only supports Chrome version 123
Current browser version is 127.0.6533.73 with binary path C:\Program Files\Google\Chrome\Application\chrome.exe
Build info: version: '3.141.59', revision: 'e82be7d358', time: '2018-11-14T08:17:03'
System info: host: 'LTIN426032', ip: '10.241.169.237', os.name: 'Windows 11', os.arch: 'amd64', os.version: '10.0', java.version: '22'
Driver info: driver.version: ChromeDriver
remote stacktrace: GetHandleVerifier [0x00007FF789927062+63090]
(No symbol) [0x00007FF789892CB2]
(No symbol) [0x00007FF78972EC65]
(No symbol) [0x00007FF7897654C2]
(No symbol) [0x00007FF7897648CF]
(No symbol) [0x00007FF78975E8C5]
(No symbol) [0x00007FF78975B2F4]
(No symbol) [0x00007FF7897A0BFB]
(No symbol) [0x00007FF7897A0830]
(No symbol) [0x00007FF789796D83]
(No symbol) [0x00007FF7897683A8]
(No symbol) [0x00007FF789769441]
GetHandleVerifier [0x00007FF789D225CD+4238301]
GetHandleVerifier [0x00007FF789D5F72D+4488509]
GetHandleVerifier [0x00007FF789D57A0F+4456479]
GetHandleVerifier [0x00007FF789A005A6+953270]
(No symbol) [0x00007FF78989E57F]
(No symbol) [0x00007FF789899254]
(No symbol) [0x00007FF78989938B]
(No symbol) [0x00007FF789889BC4]
BaseThreadInitThunk [0x00007FFEEFEE257D+29]
RtlUserThreadStart [0x00007FFEF08EAF28+40]

at java.base/jdk.internal.reflect.DirectConstructorHandleAccessor.newInstance(DirectConstructorHandleAccessor.java:62)
at java.base/java.lang.reflect.Constructor.newInstanceWithCaller(Constructor.java:502)
at java.base/java.lang.reflect.Constructor.newInstance(Constructor.java:486)
at org.openqa.selenium.remote.W3CHandshakeResponse.lambda$errorHandler$0(W3CHandshakeResponse.java:62)
at org.openqa.selenium.remote.HandshakeResponse.lambda$getResponseFunction$0(HandshakeResponse.java:30)
at org.openqa.selenium.remote.ProtocolHandshake.lambda$createSession$0(ProtocolHandshake.java:126)
at java.base/java.util.stream.ReferencePipeline$3$1.accept(ReferencePipeline.java:212)
at java.base/java.util.Spliterators$ArraySpliterator.tryAdvance(Spliterators.java:1034)
at java.base/java.util.stream.ReferencePipeline.forEachWithCancel(ReferencePipeline.java:144)
at java.base/java.util.stream.AbstractPipeline.copyIntoWithCancel(AbstractPipeline.java:574)
at java.base/java.util.stream.AbstractPipeline.copyInto(AbstractPipeline.java:560)
at java.base/java.util.stream.AbstractPipeline.wrapAndCopyInto(AbstractPipeline.java:546)
at java.base/java.util.stream.FindOps$FindOp.evaluateSequential(FindOps.java:150)
at java.base/java.util.stream.AbstractPipeline.evaluate(AbstractPipeline.java:265)
at java.base/java.util.stream.ReferencePipeline.findFirst(ReferencePipeline.java:662)
at org.openqa.selenium.remote.ProtocolHandshake.createSession(ProtocolHandshake.java:128)
at org.openqa.selenium.remote.ProtocolHandshake.createSession(ProtocolHandshake.java:74)
at org.openqa.selenium.remote.HttpCommandExecutor.execute(HttpCommandExecutor.java:136)
at org.openqa.selenium.remote.service.DriverCommandExecutor.execute(DriverCommandExecutor.java:83)
at org.openqa.selenium.remote.RemoteWebDriver.execute(RemoteWebDriver.java:552)
at org.openqa.selenium.remote.RemoteWebDriver.startSession(RemoteWebDriver.java:213)
at org.openqa.selenium.remote.RemoteWebDriver.<init>(RemoteWebDriver.java:131)
at org.openqa.selenium.chrome.ChromeDriver.<init>(ChromeDriver.java:181)
at org.openqa.selenium.chrome.ChromeDriver.<init>(ChromeDriver.java:168)
at org.openqa.selenium.chrome.ChromeDriver.<init>(ChromeDriver.java:157)
at com.WMS_Utilities.WMS_TestBase.invokeBrowser(WMS_TestBase.java:60)
at P1_Testcases.TC38_P1_Verify_ProfitCenter_EUROPE.setUp(TC38_P1_Verify_ProfitCenter_EUROPE.java:52)
at java.base/jdk.internal.reflect.DirectMethodHandleAccessor.invoke(DirectMethodHandleAccessor.java:103)
at java.base/java.lang.reflect.Method.invoke(Method.java:580)
at org.testng.internal.invokers.MethodInvocationHelper.invokeMethod(MethodInvocationHelper.java:141)
at org.testng.internal.invokers.MethodInvocationHelper.invokeMethodConsideringTimeout(MethodInvocationHelper.java:71)
at org.testng.internal.invokers.ConfigInvoker.invokeConfigurationMethod(ConfigInvoker.java:400)
at org.testng.internal.invokers.ConfigInvoker.invokeConfigurations(ConfigInvoker.java:333)
at org.testng.internal.invokers.TestInvoker.runConfigMethods(TestInvoker.java:833)
at org.testng.internal.invokers.TestInvoker.invokeMethod(TestInvoker.java:600)
at org.testng.internal.invokers.TestInvoker.invokeTestMethod(TestInvoker.java:230)
at org.testng.internal.invokers.MethodRunner.runInSequence(MethodRunner.java:63)
at org.testng.internal.invokers.TestInvoker$MethodInvocationAgent.invoke(TestInvoker.java:992)
at org.testng.internal.invokers.TestInvoker.invokeTestMethods(TestInvoker.java:203)
at org.testng.internal.invokers.TestMethodWorker.invokeTestMethods(TestMethodWorker.java:154)
at org.testng.internal.invokers.TestMethodWorker.run(TestMethodWorker.java:134)
at java.base/java.util.ArrayList.forEach(ArrayList.java:1597)
at org.testng.TestRunner.privateRun(TestRunner.java:739)
at org.testng.TestRunner.run(TestRunner.java:614)
at org.testng.SuiteRunner.runTest(SuiteRunner.java:421)
at org.testng.SuiteRunner.runSequentially(SuiteRunner.java:413)
at org.testng.SuiteRunner.privateRun(SuiteRunner.java:373)
at org.testng.SuiteRunner.run(SuiteRunner.java:312)
at org.testng.SuiteRunnerWorker.runSuite(SuiteRunnerWorker.java:52)
at org.testng.SuiteRunnerWorker.run(SuiteRunnerWorker.java:95)
at org.testng.TestNG.runSuitesSequentially(TestNG.java:1274)
at org.testng.TestNG.runSuitesLocally(TestNG.java:1208)
at org.testng.TestNG.runSuites(TestNG.java:1112)
at org.testng.TestNG.run(TestNG.java:1079)
at org.testng.remote.AbstractRemoteTestNG.run(AbstractRemoteTestNG.java:115)
at org.testng.remote.RemoteTestNG.initAndRun(RemoteTestNG.java:293)
at org.testng.remote.RemoteTestNG.main(RemoteTestNG.java:91)
]]>
    </error>
  </testcase> <!-- setUp -->
  <testcase classname="P1_Testcases.TC38_P1_Verify_ProfitCenter_EUROPE" name="P1_TC38_Verify_Profit_Center_Europe_Create_PC9_for_type_Levis_MensBottoms" time="0.000">
    <skipped/>
  </testcase> <!-- P1_TC38_Verify_Profit_Center_Europe_Create_PC9_for_type_Levis_MensBottoms -->
</testsuite> <!-- P1_Testcases.TC38_P1_Verify_ProfitCenter_EUROPE -->
